<?xml version="1.0" encoding="UTF-8"?>
<testsuite xmlns:xsi="http://www.w3.org/2001/XMLSchema-instance" xsi:noNamespaceSchemaLocation="https://maven.apache.org/surefire/maven-surefire-plugin/xsd/surefire-test-report-3.0.xsd" version="3.0" name="com.musicstream.InstanceLimitTest" time="0.035" tests="2" errors="0" skipped="0" failures="0">
  <properties>
[...]
</properties>
  <testcase name="artistLimit101" classname="com.musicstream.InstanceLimitTest" time="0.021">
    <system-out><![CDATA[✔ Added artist: Artist 0 (A001)
✔ Added artist: Artist 1 (A002)
✔ Added artist: Artist 2 (A003)
✔ Added artist: Artist 3 (A004)
✔ Added artist: Artist 4 (A005)
✔ Added artist: Artist 5 (A006)
✔ Added artist: Artist 6 (A007)
✔ Added artist: Artist 7 (A008)
✔ Added artist: Artist 8 (A009)
✔ Added artist: Artist 9 (A010)
✔ Added artist: Artist 10 (A011)
✔ Added artist: Artist 11 (A012)
✔ Added artist: Artist 12 (A013)
✔ Added artist: Artist 13 (A014)
✔ Added artist: Artist 14 (A015)
✔ Added artist: Artist 15 (A016)
✔ Added artist: Artist 16 (A017)
✔ Added artist: Artist 17 (A018)
✔ Added artist: Artist 18 (A019)
✔ Added artist: Artist 19 (A020)
✔ Added artist: Artist 20 (A021)
✔ Added artist: Artist 21 (A022)
✔ Added artist: Artist 22 (A023)
✔ Added artist: Artist 23 (A024)
✔ Added artist: Artist 24 (A025)
✔ Added artist: Artist 25 (A026)
✔ Added artist: Artist 26 (A027)
✔ Added artist: Artist 27 (A028)
✔ Added artist: Artist 28 (A029)
✔ Added artist: Artist 29 (A030)
✔ Added artist: Artist 30 (A031)
✔ Added artist: Artist 31 (A032)
✔ Added artist: Artist 32 (A033)
✔ Added artist: Artist 33 (A034)
✔ Added artist: Artist 34 (A035)
✔ Added artist: Artist 35 (A036)
✔ Added artist: Artist 36 (A037)
✔ Added artist: Artist 37 (A038)
✔ Added artist: Artist 38 (A039)
✔ Added artist: Artist 39 (A040)
✔ Added artist: Artist 40 (A041)
✔ Added artist: Artist 41 (A042)
✔ Added artist: Artist 42 (A043)
✔ Added artist: Artist 43 (A044)
✔ Added artist: Artist 44 (A045)
✔ Added artist: Artist 45 (A046)
✔ Added artist: Artist 46 (A047)
✔ Added artist: Artist 47 (A048)
✔ Added artist: Artist 48 (A049)
✔ Added artist: Artist 49 (A050)
✔ Added artist: Artist 50 (A051)
✔ Added artist: Artist 51 (A052)
✔ Added artist: Artist 52 (A053)
✔ Added artist: Artist 53 (A054)
✔ Added artist: Artist 54 (A055)
✔ Added artist: Artist 55 (A056)
✔ Added artist: Artist 56 (A057)
✔ Added artist: Artist 57 (A058)
✔ Added artist: Artist 58 (A059)
✔ Added artist: Artist 59 (A060)
✔ Added artist: Artist 60 (A061)
✔ Added artist: Artist 61 (A062)
✔ Added artist: Artist 62 (A063)
✔ Added artist: Artist 63 (A064)
✔ Added artist: Artist 64 (A065)
✔ Added artist: Artist 65 (A066)
✔ Added artist: Artist 66 (A067)
✔ Added artist: Artist 67 (A068)
✔ Added artist: Artist 68 (A069)
✔ Added artist: Artist 69 (A070)
✔ Added artist: Artist 70 (A071)
✔ Added artist: Artist 71 (A072)
✔ Added artist: Artist 72 (A073)
✔ Added artist: Artist 73 (A074)
✔ Added artist: Artist 74 (A075)
✔ Added artist: Artist 75 (A076)
✔ Added artist: Artist 76 (A077)
✔ Added artist: Artist 77 (A078)
✔ Added artist: Artist 78 (A079)
✔ Added artist: Artist 79 (A080)
✔ Added artist: Artist 80 (A081)
✔ Added artist: Artist 81 (A082)
✔ Added artist: Artist 82 (A083)
✔ Added artist: Artist 83 (A084)
✔ Added artist: Artist 84 (A085)
✔ Added artist: Artist 85 (A086)
✔ Added artist: Artist 86 (A087)
✔ Added artist: Artist 87 (A088)
✔ Added artist: Artist 88 (A089)
✔ Added artist: Artist 89 (A090)
✔ Added artist: Artist 90 (A091)
✔ Added artist: Artist 91 (A092)
✔ Added artist: Artist 92 (A093)
✔ Added artist: Artist 93 (A094)
✔ Added artist: Artist 94 (A095)
✔ Added artist: Artist 95 (A096)
✔ Added artist: Artist 96 (A097)
✔ Added artist: Artist 97 (A098)
✔ Added artist: Artist 98 (A099)
✔ Added artist: Artist 99 (A100)
]]></system-out>
  </testcase>
  <testcase name="songLimit101" classname="com.musicstream.InstanceLimitTest" time="0.006">
    <system-out><![CDATA[✔ Added artist: Cap Artist (A001)
Added "T0" to Cap Artist's discography.
✔ Added song: "T0" (S001)
Added "T1" to Cap Artist's discography.
✔ Added song: "T1" (S002)
Added "T2" to Cap Artist's discography.
✔ Added song: "T2" (S003)
Added "T3" to Cap Artist's discography.
✔ Added song: "T3" (S004)
Added "T4" to Cap Artist's discography.
✔ Added song: "T4" (S005)
Added "T5" to Cap Artist's discography.
✔ Added song: "T5" (S006)
Added "T6" to Cap Artist's discography.
✔ Added song: "T6" (S007)
Added "T7" to Cap Artist's discography.
✔ Added song: "T7" (S008)
Added "T8" to Cap Artist's discography.
✔ Added song: "T8" (S009)
Added "T9" to Cap Artist's discography.
✔ Added song: "T9" (S010)
Added "T10" to Cap Artist's discography.
✔ Added song: "T10" (S011)
Added "T11" to Cap Artist's discography.
✔ Added song: "T11" (S012)
Added "T12" to Cap Artist's discography.
✔ Added song: "T12" (S013)
Added "T13" to Cap Artist's discography.
✔ Added song: "T13" (S014)
Added "T14" to Cap Artist's discography.
✔ Added song: "T14" (S015)
Added "T15" to Cap Artist's discography.
✔ Added song: "T15" (S016)
Added "T16" to Cap Artist's discography.
✔ Added song: "T16" (S017)
Added "T17" to Cap Artist's discography.
✔ Added song: "T17" (S018)
Added "T18" to Cap Artist's discography.
✔ Added song: "T18" (S019)
Added "T19" to Cap Artist's discography.
✔ Added song: "T19" (S020)
Added "T20" to Cap Artist's discography.
✔ Added song: "T20" (S021)
Added "T21" to Cap Artist's discography.
✔ Added song: "T21" (S022)
Added "T22" to Cap Artist's discography.
✔ Added song: "T22" (S023)
Added "T23" to Cap Artist's discography.
✔ Added song: "T23" (S024)
Added "T24" to Cap Artist's discography.
✔ Added song: "T24" (S025)
Added "T25" to Cap Artist's discography.
✔ Added song: "T25" (S026)
Added "T26" to Cap Artist's discography.
✔ Added song: "T26" (S027)
Added "T27" to Cap Artist's discography.
✔ Added song: "T27" (S028)
Added "T28" to Cap Artist's discography.
✔ Added song: "T28" (S029)
Added "T29" to Cap Artist's discography.
✔ Added song: "T29" (S030)
Added "T30" to Cap Artist's discography.
✔ Added song: "T30" (S031)
Added "T31" to Cap Artist's discography.
✔ Added song: "T31" (S032)
Added "T32" to Cap Artist's discography.
✔ Added song: "T32" (S033)
Added "T33" to Cap Artist's discography.
✔ Added song: "T33" (S034)
Added "T34" to Cap Artist's discography.
✔ Added song: "T34" (S035)
Added "T35" to Cap Artist's discography.
✔ Added song: "T35" (S036)
Added "T36" to Cap Artist's discography.
✔ Added song: "T36" (S037)
Added "T37" to Cap Artist's discography.
✔ Added song: "T37" (S038)
Added "T38" to Cap Artist's discography.
✔ Added song: "T38" (S039)
Added "T39" to Cap Artist's discography.
✔ Added song: "T39" (S040)
Added "T40" to Cap Artist's discography.
✔ Added song: "T40" (S041)
Added "T41" to Cap Artist's discography.
✔ Added song: "T41" (S042)
Added "T42" to Cap Artist's discography.
✔ Added song: "T42" (S043)
Added "T43" to Cap Artist's discography.
✔ Added song: "T43" (S044)
Added "T44" to Cap Artist's discography.
✔ Added song: "T44" (S045)
Added "T45" to Cap Artist's discography.
✔ Added song: "T45" (S046)
Added "T46" to Cap Artist's discography.
✔ Added song: "T46" (S047)
Added "T47" to Cap Artist's discography.
✔ Added song: "T47" (S048)
Added "T48" to Cap Artist's discography.
✔ Added song: "T48" (S049)
Added "T49" to Cap Artist's discography.
✔ Added song: "T49" (S050)
Added "T50" to Cap Artist's discography.
✔ Added song: "T50" (S051)
Added "T51" to Cap Artist's discography.
✔ Added song: "T51" (S052)
Added "T52" to Cap Artist's discography.
✔ Added song: "T52" (S053)
Added "T53" to Cap Artist's discography.
✔ Added song: "T53" (S054)
Added "T54" to Cap Artist's discography.
✔ Added song: "T54" (S055)
Added "T55" to Cap Artist's discography.
✔ Added song: "T55" (S056)
Added "T56" to Cap Artist's discography.
✔ Added song: "T56" (S057)
Added "T57" to Cap Artist's discography.
✔ Added song: "T57" (S058)
Added "T58" to Cap Artist's discography.
✔ Added song: "T58" (S059)
Added "T59" to Cap Artist's discography.
✔ Added song: "T59" (S060)
Added "T60" to Cap Artist's discography.
✔ Added song: "T60" (S061)
Added "T61" to Cap Artist's discography.
✔ Added song: "T61" (S062)
Added "T62" to Cap Artist's discography.
✔ Added song: "T62" (S063)
Added "T63" to Cap Artist's discography.
✔ Added song: "T63" (S064)
Added "T64" to Cap Artist's discography.
✔ Added song: "T64" (S065)
Added "T65" to Cap Artist's discography.
✔ Added song: "T65" (S066)
Added "T66" to Cap Artist's discography.
✔ Added song: "T66" (S067)
Added "T67" to Cap Artist's discography.
✔ Added song: "T67" (S068)
Added "T68" to Cap Artist's discography.
✔ Added song: "T68" (S069)
Added "T69" to Cap Artist's discography.
✔ Added song: "T69" (S070)
Added "T70" to Cap Artist's discography.
✔ Added song: "T70" (S071)
Added "T71" to Cap Artist's discography.
✔ Added song: "T71" (S072)
Added "T72" to Cap Artist's discography.
✔ Added song: "T72" (S073)
Added "T73" to Cap Artist's discography.
✔ Added song: "T73" (S074)
Added "T74" to Cap Artist's discography.
✔ Added song: "T74" (S075)
Added "T75" to Cap Artist's discography.
✔ Added song: "T75" (S076)
Added "T76" to Cap Artist's discography.
✔ Added song: "T76" (S077)
Added "T77" to Cap Artist's discography.
✔ Added song: "T77" (S078)
Added "T78" to Cap Artist's discography.
✔ Added song: "T78" (S079)
Added "T79" to Cap Artist's discography.
✔ Added song: "T79" (S080)
Added "T80" to Cap Artist's discography.
✔ Added song: "T80" (S081)
Added "T81" to Cap Artist's discography.
✔ Added song: "T81" (S082)
Added "T82" to Cap Artist's discography.
✔ Added song: "T82" (S083)
Added "T83" to Cap Artist's discography.
✔ Added song: "T83" (S084)
Added "T84" to Cap Artist's discography.
✔ Added song: "T84" (S085)
Added "T85" to Cap Artist's discography.
✔ Added song: "T85" (S086)
Added "T86" to Cap Artist's discography.
✔ Added song: "T86" (S087)
Added "T87" to Cap Artist's discography.
✔ Added song: "T87" (S088)
Added "T88" to Cap Artist's discography.
✔ Added song: "T88" (S089)
Added "T89" to Cap Artist's discography.
✔ Added song: "T89" (S090)
Added "T90" to Cap Artist's discography.
✔ Added song: "T90" (S091)
Added "T91" to Cap Artist's discography.
✔ Added song: "T91" (S092)
Added "T92" to Cap Artist's discography.
✔ Added song: "T92" (S093)
Added "T93" to Cap Artist's discography.
✔ Added song: "T93" (S094)
Added "T94" to Cap Artist's discography.
✔ Added song: "T94" (S095)
Added "T95" to Cap Artist's discography.
✔ Added song: "T95" (S096)
Added "T96" to Cap Artist's discography.
✔ Added song: "T96" (S097)
Added "T97" to Cap Artist's discography.
✔ Added song: "T97" (S098)
Added "T98" to Cap Artist's discography.
✔ Added song: "T98" (S099)
Added "T99" to Cap Artist's discography.
✔ Added song: "T99" (S100)
]]></system-out>
  </testcase>
</testsuite>