<?xml version="1.0" encoding="UTF-8"?>
<testsuite xmlns:xsi="http://www.w3.org/2001/XMLSchema-instance" xsi:noNamespaceSchemaLocation="https://maven.apache.org/surefire/maven-surefire-plugin/xsd/surefire-test-report-3.0.xsd" version="3.0" name="com.musicstream.PlatformTest" time="0.033" tests="21" errors="0" skipped="0" failures="0">
  <properties>
[...]
</properties>
  <testcase name="testRegisterFreeUser" classname="com.musicstream.PlatformTest" time="0.011">
    <system-out><![CDATA[✔ Registered Free user: alice (U001)
]]></system-out>
  </testcase>
  <testcase name="testRegisterPremiumUser" classname="com.musicstream.PlatformTest" time="0.001">
    <system-out><![CDATA[✔ Registered Premium user: bob (U001)
]]></system-out>
  </testcase>
  <testcase name="testDuplicateEmail" classname="com.musicstream.PlatformTest" time="0.001">
    <system-out><![CDATA[✔ Registered Free user: user1 (U001)
]]></system-out>
  </testcase>
  <testcase name="testAddAndFindArtist" classname="com.musicstream.PlatformTest" time="0.0">
    <system-out><![CDATA[✔ Added artist: Test Artist (A001)
]]></system-out>
  </testcase>
  <testcase name="testArtistNotFound" classname="com.musicstream.PlatformTest" time="0.001"/>
  <testcase name="testVerifyArtist" classname="com.musicstream.PlatformTest" time="0.0">
    <system-out><![CDATA[✔ Added artist: Verified Artist (A001)
✔ Artist "Verified Artist" is now verified.
]]></system-out>
  </testcase>
  <testcase name="testAddSong" classname="com.musicstream.PlatformTest" time="0.0">
    <system-out><![CDATA[✔ Added artist: Song Artist (A001)
Added "Test Song" to Song Artist's discography.
✔ Added song: "Test Song" (S001)
]]></system-out>
  </testcase>
  <testcase name="testPlayCount" classname="com.musicstream.PlatformTest" time="0.001">
    <system-out><![CDATA[✔ Added artist: Play Artist (A001)
Added "Count Song" to Play Artist's discography.
✔ Added song: "Count Song" (S001)
]]></system-out>
  </testcase>
  <testcase name="testFormattedDuration" classname="com.musicstream.PlatformTest" time="0.0">
    <system-out><![CDATA[✔ Added artist: Duration Artist (A001)
Added "3:30 Song" to Duration Artist's discography.
✔ Added song: "3:30 Song" (S001)
]]></system-out>
  </testcase>
  <testcase name="testAlbum" classname="com.musicstream.PlatformTest" time="0.001">
    <system-out><![CDATA[✔ Added artist: Album Artist (A001)
Added album "Test Album" to Album Artist's profile.
✔ Added album: "Test Album" (AL001)
Added "Track 1" to Album Artist's discography.
✔ Added song: "Track 1" (S001)
Added "Track 2" to Album Artist's discography.
✔ Added song: "Track 2" (S002)
"Track 1" assigned to album AL001
Added "Track 1" to album "Test Album".
"Track 2" assigned to album AL001
Added "Track 2" to album "Test Album".
]]></system-out>
  </testcase>
  <testcase name="testPublishEmptyAlbum" classname="com.musicstream.PlatformTest" time="0.0">
    <system-out><![CDATA[✔ Added artist: Empty Album Artist (A001)
Added album "Empty Album" to Empty Album Artist's profile.
✔ Added album: "Empty Album" (AL001)
⚠ Cannot publish an empty album.
]]></system-out>
  </testcase>
  <testcase name="testAlbumTotalDuration" classname="com.musicstream.PlatformTest" time="0.002">
    <system-out><![CDATA[✔ Added artist: Dur Artist (A001)
Added album "Dur Album" to Dur Artist's profile.
✔ Added album: "Dur Album" (AL001)
Added "Dur Track 1" to Dur Artist's discography.
✔ Added song: "Dur Track 1" (S001)
Added "Dur Track 2" to Dur Artist's discography.
✔ Added song: "Dur Track 2" (S002)
"Dur Track 1" assigned to album AL001
Added "Dur Track 1" to album "Dur Album".
"Dur Track 2" assigned to album AL001
Added "Dur Track 2" to album "Dur Album".
]]></system-out>
  </testcase>
  <testcase name="testPlaylist" classname="com.musicstream.PlatformTest" time="0.001">
    <system-out><![CDATA[✔ Added artist: PL Artist (A001)
Added "PL Song" to PL Artist's discography.
✔ Added song: "PL Song" (S001)
✔ Registered Free user: pluser (U001)
✔ Playlist "My List" created.
Added "PL Song" to playlist "My List".
]]></system-out>
  </testcase>
  <testcase name="testNoDuplicateSongsInPlaylist" classname="com.musicstream.PlatformTest" time="0.0">
    <system-out><![CDATA[✔ Added artist: Dup PL Artist (A001)
Added "Dup PL Song" to Dup PL Artist's discography.
✔ Added song: "Dup PL Song" (S001)
✔ Registered Free user: dupuser (U001)
✔ Playlist "Dup List" created.
Added "Dup PL Song" to playlist "Dup List".
"Dup PL Song" is already in playlist "Dup List".
]]></system-out>
  </testcase>
  <testcase name="testFreeUserExplicitBlocked" classname="com.musicstream.PlatformTest" time="0.001">
    <system-out><![CDATA[✔ Added artist: Exp Artist (A001)
Added "Explicit Song" to Exp Artist's discography.
✔ Added song: "Explicit Song" (S001)
✔ Registered Free user: freeexp (U001)
❌ Free users cannot stream explicit content. Upgrade to Premium.
]]></system-out>
  </testcase>
  <testcase name="testPremiumUserExplicit" classname="com.musicstream.PlatformTest" time="0.0">
    <system-out><![CDATA[✔ Added artist: Prem Exp Artist (A001)
Added "Prem Explicit Song" to Prem Exp Artist's discography.
✔ Added song: "Prem Explicit Song" (S001)
✔ Registered Premium user: premexp (U001)
▶ Now playing: "Prem Explicit Song"
]]></system-out>
  </testcase>
  <testcase name="testSearchByGenre" classname="com.musicstream.PlatformTest" time="0.002">
    <system-out><![CDATA[✔ Added artist: Genre Artist (A001)
Added "Jazz Track 1" to Genre Artist's discography.
✔ Added song: "Jazz Track 1" (S001)
Added "Jazz Track 2" to Genre Artist's discography.
✔ Added song: "Jazz Track 2" (S002)
Added "Pop Track" to Genre Artist's discography.
✔ Added song: "Pop Track" (S003)
Found 2 song(s) in genre "Jazz".
Found 1 song(s) in genre "Pop".
]]></system-out>
  </testcase>
  <testcase name="testTopSongs" classname="com.musicstream.PlatformTest" time="0.001">
    <system-out><![CDATA[✔ Added artist: Top Artist (A001)
Added "High Play" to Top Artist's discography.
✔ Added song: "High Play" (S001)
Added "Low Play" to Top Artist's discography.
✔ Added song: "Low Play" (S002)
]]></system-out>
  </testcase>
  <testcase name="testInvalidEmail" classname="com.musicstream.PlatformTest" time="0.002">
    <system-out><![CDATA[✔ Registered Free user: validuser (U001)
]]></system-out>
  </testcase>
  <testcase name="testNegativeListeners" classname="com.musicstream.PlatformTest" time="0.0">
    <system-out><![CDATA[✔ Added artist: Neg Listener Artist (A001)
]]></system-out>
  </testcase>
  <testcase name="testChangePassword" classname="com.musicstream.PlatformTest" time="0.001">
    <system-out><![CDATA[✔ Registered Free user: pwuser (U001)
]]></system-out>
  </testcase>
</testsuite>